2025-02-08 23:29:29,082 [Worker-8] INFO  o.e.m.c.i.p.ProjectConfigurationManager - Collecting project info '/pom.xml' D:\PROGRAMAS\WS\S04BDSABADOExam\LPII_CL2_JUAREZMONTEROLUIS\pom.xml
2025-02-08 23:29:33,800 [Worker-8] INFO  o.e.m.c.i.l.LifecycleMappingFactory - Using org.maven.ide.eclipse.wtp.WarLifecycleMapping lifecycle mapping for MavenProject: JMLexamen:LPII_CL2_JUAREZMONTEROLUIS:0.0.1-SNAPSHOT @ D:\PROGRAMAS\WS\S04BDSABADOExam\LPII_CL2_JUAREZMONTEROLUIS\pom.xml.
2025-02-08 23:29:35,846 [Worker-8] INFO  o.e.m.j.i.AbstractJavaProjectConfigurator - Adding source folder /LPII_CL2_JUAREZMONTEROLUIS/src/main/java
2025-02-08 23:29:35,848 [Worker-8] INFO  o.e.m.j.i.AbstractJavaProjectConfigurator - Adding resource folder /LPII_CL2_JUAREZMONTEROLUIS/src/main/resources
2025-02-08 23:29:35,849 [Worker-8] INFO  o.e.m.j.i.AbstractJavaProjectConfigurator - Adding source folder /LPII_CL2_JUAREZMONTEROLUIS/src/test/java
2025-02-08 23:29:38,319 [Worker-8] INFO  o.e.m.c.i.p.ProjectConfigurationManager - Imported and configured 1 project(s) in 9 sec
2025-02-08 23:29:39,195 [Worker-18] WARN  o.e.m.c.i.embedder.EclipseLogger - Using platform encoding (Cp1252 actually) to copy filtered resources, i.e. build is platform dependent!
2025-02-08 23:29:39,200 [Worker-18] INFO  o.e.m.c.i.embedder.EclipseLogger - Copying 0 resource
2025-02-08 23:29:39,202 [Worker-18] WARN  o.e.m.c.i.embedder.EclipseLogger - Using platform encoding (Cp1252 actually) to copy filtered resources, i.e. build is platform dependent!
2025-02-08 23:29:39,203 [Worker-18] INFO  o.e.m.c.i.embedder.EclipseLogger - skip non existing resourceDirectory D:\PROGRAMAS\WS\S04BDSABADOExam\LPII_CL2_JUAREZMONTEROLUIS\src\test\resources
2025-02-08 23:35:41,425 [Worker-22] INFO  o.e.m.c.i.l.LifecycleMappingFactory - Using org.maven.ide.eclipse.wtp.WarLifecycleMapping lifecycle mapping for MavenProject: JMLexamen:LPII_CL2_JUAREZMONTEROLUIS:0.0.1-SNAPSHOT @ D:\PROGRAMAS\WS\S04BDSABADOExam\LPII_CL2_JUAREZMONTEROLUIS\pom.xml.
2025-02-08 23:35:46,120 [Worker-22] WARN  o.e.m.c.i.embedder.EclipseLogger - Using platform encoding (Cp1252 actually) to copy filtered resources, i.e. build is platform dependent!
2025-02-08 23:35:46,122 [Worker-22] INFO  o.e.m.c.i.embedder.EclipseLogger - Copying 0 resource
2025-02-08 23:35:46,122 [Worker-22] WARN  o.e.m.c.i.embedder.EclipseLogger - Using platform encoding (Cp1252 actually) to copy filtered resources, i.e. build is platform dependent!
2025-02-08 23:35:46,123 [Worker-22] INFO  o.e.m.c.i.embedder.EclipseLogger - skip non existing resourceDirectory D:\PROGRAMAS\WS\S04BDSABADOExam\LPII_CL2_JUAREZMONTEROLUIS\src\test\resources
2025-02-08 23:35:46,123 [Worker-22] INFO  o.e.m.w.i.f.ResourceFilteringBuildParticipant - Changed resources require a complete clean of filtered resources of LPII_CL2_JUAREZMONTEROLUIS
2025-02-08 23:35:46,124 [Worker-22] INFO  o.e.m.w.i.f.ResourceFilteringBuildParticipant - Executing resource filtering for LPII_CL2_JUAREZMONTEROLUIS
2025-02-08 23:35:46,127 [Worker-22] WARN  o.e.m.c.i.embedder.EclipseLogger - Using platform encoding (Cp1252 actually) to copy filtered resources, i.e. build is platform dependent!
2025-02-08 23:35:47,526 [Worker-26] WARN  o.e.m.c.i.embedder.EclipseLogger - Using platform encoding (Cp1252 actually) to copy filtered resources, i.e. build is platform dependent!
2025-02-08 23:35:47,527 [Worker-26] INFO  o.e.m.c.i.embedder.EclipseLogger - Copying 0 resource
2025-02-08 23:35:47,529 [Worker-26] WARN  o.e.m.c.i.embedder.EclipseLogger - Using platform encoding (Cp1252 actually) to copy filtered resources, i.e. build is platform dependent!
2025-02-08 23:35:47,530 [Worker-26] INFO  o.e.m.c.i.embedder.EclipseLogger - skip non existing resourceDirectory D:\PROGRAMAS\WS\S04BDSABADOExam\LPII_CL2_JUAREZMONTEROLUIS\src\test\resources
2025-02-08 23:37:59,776 [Worker-27] INFO  o.e.m.c.i.l.LifecycleMappingFactory - Using org.maven.ide.eclipse.wtp.WarLifecycleMapping lifecycle mapping for MavenProject: JMLexamen:LPII_CL2_JUAREZMONTEROLUIS:0.0.1-SNAPSHOT @ D:\PROGRAMAS\WS\S04BDSABADOExam\LPII_CL2_JUAREZMONTEROLUIS\pom.xml.
2025-02-08 23:38:00,885 [Worker-27] WARN  o.e.m.c.i.embedder.EclipseLogger - Using platform encoding (Cp1252 actually) to copy filtered resources, i.e. build is platform dependent!
2025-02-08 23:38:00,887 [Worker-27] INFO  o.e.m.c.i.embedder.EclipseLogger - Copying 0 resource
2025-02-08 23:38:00,887 [Worker-27] WARN  o.e.m.c.i.embedder.EclipseLogger - Using platform encoding (Cp1252 actually) to copy filtered resources, i.e. build is platform dependent!
2025-02-08 23:38:00,888 [Worker-27] INFO  o.e.m.c.i.embedder.EclipseLogger - skip non existing resourceDirectory D:\PROGRAMAS\WS\S04BDSABADOExam\LPII_CL2_JUAREZMONTEROLUIS\src\test\resources
2025-02-08 23:38:00,888 [Worker-27] INFO  o.e.m.w.i.f.ResourceFilteringBuildParticipant - Changed resources require a complete clean of filtered resources of LPII_CL2_JUAREZMONTEROLUIS
2025-02-08 23:38:00,888 [Worker-27] INFO  o.e.m.w.i.f.ResourceFilteringBuildParticipant - Executing resource filtering for LPII_CL2_JUAREZMONTEROLUIS
2025-02-08 23:38:00,890 [Worker-27] WARN  o.e.m.c.i.embedder.EclipseLogger - Using platform encoding (Cp1252 actually) to copy filtered resources, i.e. build is platform dependent!
2025-02-08 23:38:40,415 [Worker-26] INFO  o.e.m.c.i.l.LifecycleMappingFactory - Using org.maven.ide.eclipse.wtp.WarLifecycleMapping lifecycle mapping for MavenProject: JMLexamen:LPII_CL2_JUAREZMONTEROLUIS:0.0.1-SNAPSHOT @ D:\PROGRAMAS\WS\S04BDSABADOExam\LPII_CL2_JUAREZMONTEROLUIS\pom.xml.
2025-02-08 23:38:41,380 [Worker-26] WARN  o.e.m.c.i.embedder.EclipseLogger - Using platform encoding (Cp1252 actually) to copy filtered resources, i.e. build is platform dependent!
2025-02-08 23:38:41,382 [Worker-26] INFO  o.e.m.c.i.embedder.EclipseLogger - Copying 0 resource
2025-02-08 23:38:41,383 [Worker-26] WARN  o.e.m.c.i.embedder.EclipseLogger - Using platform encoding (Cp1252 actually) to copy filtered resources, i.e. build is platform dependent!
2025-02-08 23:38:41,383 [Worker-26] INFO  o.e.m.c.i.embedder.EclipseLogger - skip non existing resourceDirectory D:\PROGRAMAS\WS\S04BDSABADOExam\LPII_CL2_JUAREZMONTEROLUIS\src\test\resources
2025-02-08 23:38:41,383 [Worker-26] INFO  o.e.m.w.i.f.ResourceFilteringBuildParticipant - Changed resources require a complete clean of filtered resources of LPII_CL2_JUAREZMONTEROLUIS
2025-02-08 23:38:41,384 [Worker-26] INFO  o.e.m.w.i.f.ResourceFilteringBuildParticipant - Executing resource filtering for LPII_CL2_JUAREZMONTEROLUIS
2025-02-08 23:38:41,386 [Worker-26] WARN  o.e.m.c.i.embedder.EclipseLogger - Using platform encoding (Cp1252 actually) to copy filtered resources, i.e. build is platform dependent!
2025-02-08 23:39:12,832 [Worker-30] INFO  o.e.m.c.i.p.ProjectConfigurationManager - Update started
2025-02-08 23:39:13,215 [Worker-30] INFO  o.e.m.c.i.l.LifecycleMappingFactory - Using org.maven.ide.eclipse.wtp.WarLifecycleMapping lifecycle mapping for MavenProject: JMLexamen:LPII_CL2_JUAREZMONTEROLUIS:0.0.1-SNAPSHOT @ D:\PROGRAMAS\WS\S04BDSABADOExam\LPII_CL2_JUAREZMONTEROLUIS\pom.xml.
2025-02-08 23:39:14,372 [Worker-30] INFO  o.e.m.j.i.AbstractJavaProjectConfigurator - Adding source folder /LPII_CL2_JUAREZMONTEROLUIS/src/main/java
2025-02-08 23:39:14,372 [Worker-30] INFO  o.e.m.j.i.AbstractJavaProjectConfigurator - Adding resource folder /LPII_CL2_JUAREZMONTEROLUIS/src/main/resources
2025-02-08 23:39:14,372 [Worker-30] INFO  o.e.m.j.i.AbstractJavaProjectConfigurator - Adding source folder /LPII_CL2_JUAREZMONTEROLUIS/src/test/java
2025-02-08 23:39:16,730 [Worker-30] INFO  o.e.m.w.i.f.ResourceFilteringBuildParticipant - Cleaning filtered folder for LPII_CL2_JUAREZMONTEROLUIS
2025-02-08 23:39:16,736 [Worker-30] INFO  o.e.m.c.i.p.ProjectConfigurationManager - Update completed: 3 sec
2025-02-08 23:39:17,050 [Worker-28] WARN  o.e.m.c.i.embedder.EclipseLogger - Using platform encoding (Cp1252 actually) to copy filtered resources, i.e. build is platform dependent!
2025-02-08 23:39:17,052 [Worker-28] INFO  o.e.m.c.i.embedder.EclipseLogger - Copying 0 resource
2025-02-08 23:39:17,053 [Worker-28] WARN  o.e.m.c.i.embedder.EclipseLogger - Using platform encoding (Cp1252 actually) to copy filtered resources, i.e. build is platform dependent!
2025-02-08 23:39:17,054 [Worker-28] INFO  o.e.m.c.i.embedder.EclipseLogger - skip non existing resourceDirectory D:\PROGRAMAS\WS\S04BDSABADOExam\LPII_CL2_JUAREZMONTEROLUIS\src\test\resources
2025-02-08 23:39:17,054 [Worker-28] INFO  o.e.m.w.i.f.ResourceFilteringBuildParticipant - Changed resources require a complete clean of filtered resources of LPII_CL2_JUAREZMONTEROLUIS
2025-02-08 23:39:17,054 [Worker-28] INFO  o.e.m.w.i.f.ResourceFilteringBuildParticipant - Executing resource filtering for LPII_CL2_JUAREZMONTEROLUIS
2025-02-08 23:39:17,057 [Worker-28] WARN  o.e.m.c.i.embedder.EclipseLogger - Using platform encoding (Cp1252 actually) to copy filtered resources, i.e. build is platform dependent!
2025-02-08 23:39:17,386 [Worker-28] WARN  o.e.m.c.i.embedder.EclipseLogger - Using platform encoding (Cp1252 actually) to copy filtered resources, i.e. build is platform dependent!
2025-02-08 23:39:17,389 [Worker-28] INFO  o.e.m.c.i.embedder.EclipseLogger - Copying 0 resource
2025-02-08 23:39:17,389 [Worker-28] WARN  o.e.m.c.i.embedder.EclipseLogger - Using platform encoding (Cp1252 actually) to copy filtered resources, i.e. build is platform dependent!
2025-02-08 23:39:17,390 [Worker-28] INFO  o.e.m.c.i.embedder.EclipseLogger - skip non existing resourceDirectory D:\PROGRAMAS\WS\S04BDSABADOExam\LPII_CL2_JUAREZMONTEROLUIS\src\test\resources
2025-02-08 23:40:54,614 [Worker-28] WARN  o.e.m.c.i.embedder.EclipseLogger - Using platform encoding (Cp1252 actually) to copy filtered resources, i.e. build is platform dependent!
2025-02-08 23:40:54,615 [Worker-28] INFO  o.e.m.c.i.embedder.EclipseLogger - Copying 0 resource
2025-02-08 23:40:54,615 [Worker-28] WARN  o.e.m.c.i.embedder.EclipseLogger - Using platform encoding (Cp1252 actually) to copy filtered resources, i.e. build is platform dependent!
2025-02-08 23:40:54,616 [Worker-28] INFO  o.e.m.c.i.embedder.EclipseLogger - skip non existing resourceDirectory D:\PROGRAMAS\WS\S04BDSABADOExam\LPII_CL2_JUAREZMONTEROLUIS\src\test\resources
2025-02-08 23:42:45,167 [Worker-29] WARN  o.e.m.c.i.embedder.EclipseLogger - Using platform encoding (Cp1252 actually) to copy filtered resources, i.e. build is platform dependent!
2025-02-08 23:42:45,167 [Worker-29] INFO  o.e.m.c.i.embedder.EclipseLogger - Copying 0 resource
2025-02-08 23:42:45,167 [Worker-29] WARN  o.e.m.c.i.embedder.EclipseLogger - Using platform encoding (Cp1252 actually) to copy filtered resources, i.e. build is platform dependent!
2025-02-08 23:42:45,168 [Worker-29] INFO  o.e.m.c.i.embedder.EclipseLogger - skip non existing resourceDirectory D:\PROGRAMAS\WS\S04BDSABADOExam\LPII_CL2_JUAREZMONTEROLUIS\src\test\resources
2025-02-08 23:46:20,762 [Worker-27] INFO  o.e.m.c.i.l.LifecycleMappingFactory - Using org.maven.ide.eclipse.wtp.WarLifecycleMapping lifecycle mapping for MavenProject: JMLexamen:LPII_CL2_JUAREZMONTEROLUIS:0.0.1-SNAPSHOT @ D:\PROGRAMAS\WS\S04BDSABADOExam\LPII_CL2_JUAREZMONTEROLUIS\pom.xml.
2025-02-08 23:46:21,749 [Worker-27] WARN  o.e.m.c.i.embedder.EclipseLogger - Using platform encoding (Cp1252 actually) to copy filtered resources, i.e. build is platform dependent!
2025-02-08 23:46:21,750 [Worker-27] INFO  o.e.m.c.i.embedder.EclipseLogger - Copying 0 resource
2025-02-08 23:46:21,751 [Worker-27] WARN  o.e.m.c.i.embedder.EclipseLogger - Using platform encoding (Cp1252 actually) to copy filtered resources, i.e. build is platform dependent!
2025-02-08 23:46:21,752 [Worker-27] INFO  o.e.m.c.i.embedder.EclipseLogger - skip non existing resourceDirectory D:\PROGRAMAS\WS\S04BDSABADOExam\LPII_CL2_JUAREZMONTEROLUIS\src\test\resources
2025-02-08 23:46:21,752 [Worker-27] INFO  o.e.m.w.i.f.ResourceFilteringBuildParticipant - Changed resources require a complete clean of filtered resources of LPII_CL2_JUAREZMONTEROLUIS
2025-02-08 23:46:21,752 [Worker-27] INFO  o.e.m.w.i.f.ResourceFilteringBuildParticipant - Executing resource filtering for LPII_CL2_JUAREZMONTEROLUIS
2025-02-08 23:46:21,754 [Worker-27] WARN  o.e.m.c.i.embedder.EclipseLogger - Using platform encoding (Cp1252 actually) to copy filtered resources, i.e. build is platform dependent!
2025-02-08 23:48:26,168 [Worker-30] WARN  o.e.m.c.i.embedder.EclipseLogger - Using platform encoding (Cp1252 actually) to copy filtered resources, i.e. build is platform dependent!
2025-02-08 23:48:26,169 [Worker-30] INFO  o.e.m.c.i.embedder.EclipseLogger - Copying 0 resource
2025-02-08 23:48:26,170 [Worker-30] WARN  o.e.m.c.i.embedder.EclipseLogger - Using platform encoding (Cp1252 actually) to copy filtered resources, i.e. build is platform dependent!
2025-02-08 23:48:26,170 [Worker-30] INFO  o.e.m.c.i.embedder.EclipseLogger - skip non existing resourceDirectory D:\PROGRAMAS\WS\S04BDSABADOExam\LPII_CL2_JUAREZMONTEROLUIS\src\test\resources
2025-02-08 23:50:01,862 [Worker-35] WARN  o.e.m.c.i.embedder.EclipseLogger - Using platform encoding (Cp1252 actually) to copy filtered resources, i.e. build is platform dependent!
2025-02-08 23:50:01,864 [Worker-35] INFO  o.e.m.c.i.embedder.EclipseLogger - Copying 0 resource
2025-02-08 23:50:01,864 [Worker-35] WARN  o.e.m.c.i.embedder.EclipseLogger - Using platform encoding (Cp1252 actually) to copy filtered resources, i.e. build is platform dependent!
2025-02-08 23:50:01,865 [Worker-35] INFO  o.e.m.c.i.embedder.EclipseLogger - skip non existing resourceDirectory D:\PROGRAMAS\WS\S04BDSABADOExam\LPII_CL2_JUAREZMONTEROLUIS\src\test\resources
2025-02-08 23:52:29,689 [Worker-37] WARN  o.e.m.c.i.embedder.EclipseLogger - Using platform encoding (Cp1252 actually) to copy filtered resources, i.e. build is platform dependent!
2025-02-08 23:52:29,690 [Worker-37] INFO  o.e.m.c.i.embedder.EclipseLogger - Copying 0 resource
2025-02-08 23:52:29,691 [Worker-37] WARN  o.e.m.c.i.embedder.EclipseLogger - Using platform encoding (Cp1252 actually) to copy filtered resources, i.e. build is platform dependent!
2025-02-08 23:52:29,691 [Worker-37] INFO  o.e.m.c.i.embedder.EclipseLogger - skip non existing resourceDirectory D:\PROGRAMAS\WS\S04BDSABADOExam\LPII_CL2_JUAREZMONTEROLUIS\src\test\resources
2025-02-08 23:52:52,207 [Worker-38] WARN  o.e.m.c.i.embedder.EclipseLogger - Using platform encoding (Cp1252 actually) to copy filtered resources, i.e. build is platform dependent!
2025-02-08 23:52:52,208 [Worker-38] INFO  o.e.m.c.i.embedder.EclipseLogger - Copying 0 resource
2025-02-08 23:52:52,209 [Worker-38] WARN  o.e.m.c.i.embedder.EclipseLogger - Using platform encoding (Cp1252 actually) to copy filtered resources, i.e. build is platform dependent!
2025-02-08 23:52:52,209 [Worker-38] INFO  o.e.m.c.i.embedder.EclipseLogger - skip non existing resourceDirectory D:\PROGRAMAS\WS\S04BDSABADOExam\LPII_CL2_JUAREZMONTEROLUIS\src\test\resources
2025-02-08 23:53:15,796 [Worker-38] WARN  o.e.m.c.i.embedder.EclipseLogger - Using platform encoding (Cp1252 actually) to copy filtered resources, i.e. build is platform dependent!
2025-02-08 23:53:15,797 [Worker-38] INFO  o.e.m.c.i.embedder.EclipseLogger - Copying 0 resource
2025-02-08 23:53:15,797 [Worker-38] WARN  o.e.m.c.i.embedder.EclipseLogger - Using platform encoding (Cp1252 actually) to copy filtered resources, i.e. build is platform dependent!
2025-02-08 23:53:15,799 [Worker-38] INFO  o.e.m.c.i.embedder.EclipseLogger - skip non existing resourceDirectory D:\PROGRAMAS\WS\S04BDSABADOExam\LPII_CL2_JUAREZMONTEROLUIS\src\test\resources
2025-02-08 23:53:16,820 [Worker-37] WARN  o.e.m.c.i.embedder.EclipseLogger - Using platform encoding (Cp1252 actually) to copy filtered resources, i.e. build is platform dependent!
2025-02-08 23:53:16,822 [Worker-37] INFO  o.e.m.c.i.embedder.EclipseLogger - Copying 0 resource
2025-02-08 23:53:16,822 [Worker-37] WARN  o.e.m.c.i.embedder.EclipseLogger - Using platform encoding (Cp1252 actually) to copy filtered resources, i.e. build is platform dependent!
2025-02-08 23:53:16,823 [Worker-37] INFO  o.e.m.c.i.embedder.EclipseLogger - skip non existing resourceDirectory D:\PROGRAMAS\WS\S04BDSABADOExam\LPII_CL2_JUAREZMONTEROLUIS\src\test\resources
2025-02-08 23:53:28,985 [Worker-37] WARN  o.e.m.c.i.embedder.EclipseLogger - Using platform encoding (Cp1252 actually) to copy filtered resources, i.e. build is platform dependent!
2025-02-08 23:53:28,985 [Worker-37] INFO  o.e.m.c.i.embedder.EclipseLogger - Copying 0 resource
2025-02-08 23:53:28,987 [Worker-37] WARN  o.e.m.c.i.embedder.EclipseLogger - Using platform encoding (Cp1252 actually) to copy filtered resources, i.e. build is platform dependent!
2025-02-08 23:53:28,987 [Worker-37] INFO  o.e.m.c.i.embedder.EclipseLogger - skip non existing resourceDirectory D:\PROGRAMAS\WS\S04BDSABADOExam\LPII_CL2_JUAREZMONTEROLUIS\src\test\resources
2025-02-08 23:53:36,925 [Worker-36] WARN  o.e.m.c.i.embedder.EclipseLogger - Using platform encoding (Cp1252 actually) to copy filtered resources, i.e. build is platform dependent!
2025-02-08 23:53:36,926 [Worker-36] INFO  o.e.m.c.i.embedder.EclipseLogger - Copying 0 resource
2025-02-08 23:53:36,927 [Worker-36] WARN  o.e.m.c.i.embedder.EclipseLogger - Using platform encoding (Cp1252 actually) to copy filtered resources, i.e. build is platform dependent!
2025-02-08 23:53:36,928 [Worker-36] INFO  o.e.m.c.i.embedder.EclipseLogger - skip non existing resourceDirectory D:\PROGRAMAS\WS\S04BDSABADOExam\LPII_CL2_JUAREZMONTEROLUIS\src\test\resources
2025-02-08 23:55:38,708 [Worker-37] WARN  o.e.m.c.i.embedder.EclipseLogger - Using platform encoding (Cp1252 actually) to copy filtered resources, i.e. build is platform dependent!
2025-02-08 23:55:38,709 [Worker-37] INFO  o.e.m.c.i.embedder.EclipseLogger - Copying 0 resource
2025-02-08 23:55:38,710 [Worker-37] WARN  o.e.m.c.i.embedder.EclipseLogger - Using platform encoding (Cp1252 actually) to copy filtered resources, i.e. build is platform dependent!
2025-02-08 23:55:38,712 [Worker-37] INFO  o.e.m.c.i.embedder.EclipseLogger - skip non existing resourceDirectory D:\PROGRAMAS\WS\S04BDSABADOExam\LPII_CL2_JUAREZMONTEROLUIS\src\test\resources
2025-02-08 23:56:25,808 [Worker-39] WARN  o.e.m.c.i.embedder.EclipseLogger - Using platform encoding (Cp1252 actually) to copy filtered resources, i.e. build is platform dependent!
2025-02-08 23:56:25,809 [Worker-39] INFO  o.e.m.c.i.embedder.EclipseLogger - Copying 0 resource
2025-02-08 23:56:25,810 [Worker-39] WARN  o.e.m.c.i.embedder.EclipseLogger - Using platform encoding (Cp1252 actually) to copy filtered resources, i.e. build is platform dependent!
2025-02-08 23:56:25,810 [Worker-39] INFO  o.e.m.c.i.embedder.EclipseLogger - skip non existing resourceDirectory D:\PROGRAMAS\WS\S04BDSABADOExam\LPII_CL2_JUAREZMONTEROLUIS\src\test\resources
2025-02-08 23:57:46,603 [Worker-37] WARN  o.e.m.c.i.embedder.EclipseLogger - Using platform encoding (Cp1252 actually) to copy filtered resources, i.e. build is platform dependent!
2025-02-08 23:57:46,605 [Worker-37] INFO  o.e.m.c.i.embedder.EclipseLogger - Copying 0 resource
2025-02-08 23:57:46,606 [Worker-37] WARN  o.e.m.c.i.embedder.EclipseLogger - Using platform encoding (Cp1252 actually) to copy filtered resources, i.e. build is platform dependent!
2025-02-08 23:57:46,606 [Worker-37] INFO  o.e.m.c.i.embedder.EclipseLogger - skip non existing resourceDirectory D:\PROGRAMAS\WS\S04BDSABADOExam\LPII_CL2_JUAREZMONTEROLUIS\src\test\resources
2025-02-08 23:58:22,928 [Worker-39] WARN  o.e.m.c.i.embedder.EclipseLogger - Using platform encoding (Cp1252 actually) to copy filtered resources, i.e. build is platform dependent!
2025-02-08 23:58:22,929 [Worker-39] INFO  o.e.m.c.i.embedder.EclipseLogger - Copying 0 resource
2025-02-08 23:58:22,929 [Worker-39] WARN  o.e.m.c.i.embedder.EclipseLogger - Using platform encoding (Cp1252 actually) to copy filtered resources, i.e. build is platform dependent!
2025-02-08 23:58:22,930 [Worker-39] INFO  o.e.m.c.i.embedder.EclipseLogger - skip non existing resourceDirectory D:\PROGRAMAS\WS\S04BDSABADOExam\LPII_CL2_JUAREZMONTEROLUIS\src\test\resources
2025-02-08 23:59:09,044 [Worker-35] WARN  o.e.m.c.i.embedder.EclipseLogger - Using platform encoding (Cp1252 actually) to copy filtered resources, i.e. build is platform dependent!
2025-02-08 23:59:09,045 [Worker-35] INFO  o.e.m.c.i.embedder.EclipseLogger - Copying 0 resource
2025-02-08 23:59:09,045 [Worker-35] WARN  o.e.m.c.i.embedder.EclipseLogger - Using platform encoding (Cp1252 actually) to copy filtered resources, i.e. build is platform dependent!
2025-02-08 23:59:09,046 [Worker-35] INFO  o.e.m.c.i.embedder.EclipseLogger - skip non existing resourceDirectory D:\PROGRAMAS\WS\S04BDSABADOExam\LPII_CL2_JUAREZMONTEROLUIS\src\test\resources
2025-02-08 23:59:29,171 [Worker-37] WARN  o.e.m.c.i.embedder.EclipseLogger - Using platform encoding (Cp1252 actually) to copy filtered resources, i.e. build is platform dependent!
2025-02-08 23:59:29,172 [Worker-37] INFO  o.e.m.c.i.embedder.EclipseLogger - Copying 0 resource
2025-02-08 23:59:29,173 [Worker-37] WARN  o.e.m.c.i.embedder.EclipseLogger - Using platform encoding (Cp1252 actually) to copy filtered resources, i.e. build is platform dependent!
2025-02-08 23:59:29,174 [Worker-37] INFO  o.e.m.c.i.embedder.EclipseLogger - skip non existing resourceDirectory D:\PROGRAMAS\WS\S04BDSABADOExam\LPII_CL2_JUAREZMONTEROLUIS\src\test\resources
2025-02-09 00:01:41,213 [Worker-35] WARN  o.e.m.c.i.embedder.EclipseLogger - Using platform encoding (Cp1252 actually) to copy filtered resources, i.e. build is platform dependent!
2025-02-09 00:01:41,215 [Worker-35] INFO  o.e.m.c.i.embedder.EclipseLogger - Copying 0 resource
2025-02-09 00:01:41,216 [Worker-35] WARN  o.e.m.c.i.embedder.EclipseLogger - Using platform encoding (Cp1252 actually) to copy filtered resources, i.e. build is platform dependent!
2025-02-09 00:01:41,216 [Worker-35] INFO  o.e.m.c.i.embedder.EclipseLogger - skip non existing resourceDirectory D:\PROGRAMAS\WS\S04BDSABADOExam\LPII_CL2_JUAREZMONTEROLUIS\src\test\resources
2025-02-09 00:02:49,233 [Worker-40] WARN  o.e.m.c.i.embedder.EclipseLogger - Using platform encoding (Cp1252 actually) to copy filtered resources, i.e. build is platform dependent!
2025-02-09 00:02:49,234 [Worker-40] INFO  o.e.m.c.i.embedder.EclipseLogger - Copying 0 resource
2025-02-09 00:02:49,235 [Worker-40] WARN  o.e.m.c.i.embedder.EclipseLogger - Using platform encoding (Cp1252 actually) to copy filtered resources, i.e. build is platform dependent!
2025-02-09 00:02:49,235 [Worker-40] INFO  o.e.m.c.i.embedder.EclipseLogger - skip non existing resourceDirectory D:\PROGRAMAS\WS\S04BDSABADOExam\LPII_CL2_JUAREZMONTEROLUIS\src\test\resources
2025-02-09 00:07:34,002 [Worker-40] WARN  o.e.m.c.i.embedder.EclipseLogger - Using platform encoding (Cp1252 actually) to copy filtered resources, i.e. build is platform dependent!
2025-02-09 00:07:34,003 [Worker-40] INFO  o.e.m.c.i.embedder.EclipseLogger - Copying 0 resource
2025-02-09 00:07:34,004 [Worker-40] WARN  o.e.m.c.i.embedder.EclipseLogger - Using platform encoding (Cp1252 actually) to copy filtered resources, i.e. build is platform dependent!
2025-02-09 00:07:34,005 [Worker-40] INFO  o.e.m.c.i.embedder.EclipseLogger - skip non existing resourceDirectory D:\PROGRAMAS\WS\S04BDSABADOExam\LPII_CL2_JUAREZMONTEROLUIS\src\test\resources
2025-02-09 00:08:45,428 [Worker-43] WARN  o.e.m.c.i.embedder.EclipseLogger - Using platform encoding (Cp1252 actually) to copy filtered resources, i.e. build is platform dependent!
2025-02-09 00:08:45,428 [Worker-43] INFO  o.e.m.c.i.embedder.EclipseLogger - Copying 0 resource
2025-02-09 00:08:45,430 [Worker-43] WARN  o.e.m.c.i.embedder.EclipseLogger - Using platform encoding (Cp1252 actually) to copy filtered resources, i.e. build is platform dependent!
2025-02-09 00:08:45,430 [Worker-43] INFO  o.e.m.c.i.embedder.EclipseLogger - skip non existing resourceDirectory D:\PROGRAMAS\WS\S04BDSABADOExam\LPII_CL2_JUAREZMONTEROLUIS\src\test\resources
2025-02-09 00:12:31,116 [Worker-5] WARN  o.e.m.c.i.embedder.EclipseLogger - Using platform encoding (Cp1252 actually) to copy filtered resources, i.e. build is platform dependent!
2025-02-09 00:12:31,126 [Worker-5] INFO  o.e.m.c.i.embedder.EclipseLogger - Copying 0 resource
2025-02-09 00:12:31,129 [Worker-5] WARN  o.e.m.c.i.embedder.EclipseLogger - Using platform encoding (Cp1252 actually) to copy filtered resources, i.e. build is platform dependent!
2025-02-09 00:12:31,130 [Worker-5] INFO  o.e.m.c.i.embedder.EclipseLogger - skip non existing resourceDirectory D:\PROGRAMAS\WS\S04BDSABADOExam\LPII_CL2_JUAREZMONTEROLUIS\src\test\resources
2025-02-09 00:15:45,102 [Worker-14] WARN  o.e.m.c.i.embedder.EclipseLogger - Using platform encoding (Cp1252 actually) to copy filtered resources, i.e. build is platform dependent!
2025-02-09 00:15:45,108 [Worker-14] INFO  o.e.m.c.i.embedder.EclipseLogger - Copying 0 resource
2025-02-09 00:15:45,109 [Worker-14] WARN  o.e.m.c.i.embedder.EclipseLogger - Using platform encoding (Cp1252 actually) to copy filtered resources, i.e. build is platform dependent!
2025-02-09 00:15:45,110 [Worker-14] INFO  o.e.m.c.i.embedder.EclipseLogger - skip non existing resourceDirectory D:\PROGRAMAS\WS\S04BDSABADOExam\LPII_CL2_JUAREZMONTEROLUIS\src\test\resources
2025-02-09 00:16:31,801 [Worker-12] WARN  o.e.m.c.i.embedder.EclipseLogger - Using platform encoding (Cp1252 actually) to copy filtered resources, i.e. build is platform dependent!
2025-02-09 00:16:31,802 [Worker-12] INFO  o.e.m.c.i.embedder.EclipseLogger - Copying 0 resource
2025-02-09 00:16:31,803 [Worker-12] WARN  o.e.m.c.i.embedder.EclipseLogger - Using platform encoding (Cp1252 actually) to copy filtered resources, i.e. build is platform dependent!
2025-02-09 00:16:31,803 [Worker-12] INFO  o.e.m.c.i.embedder.EclipseLogger - skip non existing resourceDirectory D:\PROGRAMAS\WS\S04BDSABADOExam\LPII_CL2_JUAREZMONTEROLUIS\src\test\resources
2025-02-09 00:16:53,143 [Worker-12] WARN  o.e.m.c.i.embedder.EclipseLogger - Using platform encoding (Cp1252 actually) to copy filtered resources, i.e. build is platform dependent!
2025-02-09 00:16:53,144 [Worker-12] INFO  o.e.m.c.i.embedder.EclipseLogger - Copying 0 resource
2025-02-09 00:16:53,146 [Worker-12] WARN  o.e.m.c.i.embedder.EclipseLogger - Using platform encoding (Cp1252 actually) to copy filtered resources, i.e. build is platform dependent!
2025-02-09 00:16:53,147 [Worker-12] INFO  o.e.m.c.i.embedder.EclipseLogger - skip non existing resourceDirectory D:\PROGRAMAS\WS\S04BDSABADOExam\LPII_CL2_JUAREZMONTEROLUIS\src\test\resources
2025-02-09 00:23:08,431 [Worker-23] WARN  o.e.m.c.i.embedder.EclipseLogger - Using platform encoding (Cp1252 actually) to copy filtered resources, i.e. build is platform dependent!
2025-02-09 00:23:08,432 [Worker-23] INFO  o.e.m.c.i.embedder.EclipseLogger - Copying 0 resource
2025-02-09 00:23:08,433 [Worker-23] WARN  o.e.m.c.i.embedder.EclipseLogger - Using platform encoding (Cp1252 actually) to copy filtered resources, i.e. build is platform dependent!
2025-02-09 00:23:08,434 [Worker-23] INFO  o.e.m.c.i.embedder.EclipseLogger - skip non existing resourceDirectory D:\PROGRAMAS\WS\S04BDSABADOExam\LPII_CL2_JUAREZMONTEROLUIS\src\test\resources
2025-02-09 00:27:49,502 [Worker-22] WARN  o.e.m.c.i.embedder.EclipseLogger - Using platform encoding (Cp1252 actually) to copy filtered resources, i.e. build is platform dependent!
2025-02-09 00:27:49,506 [Worker-22] INFO  o.e.m.c.i.embedder.EclipseLogger - Copying 0 resource
2025-02-09 00:27:49,506 [Worker-22] WARN  o.e.m.c.i.embedder.EclipseLogger - Using platform encoding (Cp1252 actually) to copy filtered resources, i.e. build is platform dependent!
2025-02-09 00:27:49,507 [Worker-22] INFO  o.e.m.c.i.embedder.EclipseLogger - skip non existing resourceDirectory D:\PROGRAMAS\WS\S04BDSABADOExam\LPII_CL2_JUAREZMONTEROLUIS\src\test\resources
2025-02-09 00:30:10,695 [Worker-23] WARN  o.e.m.c.i.embedder.EclipseLogger - Using platform encoding (Cp1252 actually) to copy filtered resources, i.e. build is platform dependent!
2025-02-09 00:30:10,697 [Worker-23] INFO  o.e.m.c.i.embedder.EclipseLogger - Copying 0 resource
2025-02-09 00:30:10,697 [Worker-23] WARN  o.e.m.c.i.embedder.EclipseLogger - Using platform encoding (Cp1252 actually) to copy filtered resources, i.e. build is platform dependent!
2025-02-09 00:30:10,697 [Worker-23] INFO  o.e.m.c.i.embedder.EclipseLogger - skip non existing resourceDirectory D:\PROGRAMAS\WS\S04BDSABADOExam\LPII_CL2_JUAREZMONTEROLUIS\src\test\resources
2025-02-09 00:32:56,402 [Worker-22] WARN  o.e.m.c.i.embedder.EclipseLogger - Using platform encoding (Cp1252 actually) to copy filtered resources, i.e. build is platform dependent!
2025-02-09 00:32:56,404 [Worker-22] INFO  o.e.m.c.i.embedder.EclipseLogger - Copying 0 resource
2025-02-09 00:32:56,407 [Worker-22] WARN  o.e.m.c.i.embedder.EclipseLogger - Using platform encoding (Cp1252 actually) to copy filtered resources, i.e. build is platform dependent!
2025-02-09 00:32:56,408 [Worker-22] INFO  o.e.m.c.i.embedder.EclipseLogger - skip non existing resourceDirectory D:\PROGRAMAS\WS\S04BDSABADOExam\LPII_CL2_JUAREZMONTEROLUIS\src\test\resources
2025-02-09 00:34:13,574 [Worker-22] WARN  o.e.r.models.ModelRepository - Failed to download org.eclipse.recommenders:index::zip:0.0.0
org.eclipse.aether.resolution.ArtifactResolutionException: Could not find artifact org.eclipse.recommenders:index:zip:0.0.0-SNAPSHOT in models (http://download.eclipse.org/recommenders/models/mars/)
	at org.eclipse.aether.internal.impl.DefaultArtifactResolver.resolve(DefaultArtifactResolver.java:444) ~[na:na]
	at org.eclipse.aether.internal.impl.DefaultArtifactResolver.resolveArtifacts(DefaultArtifactResolver.java:246) ~[na:na]
	at org.eclipse.aether.internal.impl.DefaultArtifactResolver.resolveArtifact(DefaultArtifactResolver.java:223) ~[na:na]
	at org.eclipse.aether.internal.impl.DefaultRepositorySystem.resolveArtifact(DefaultRepositorySystem.java:294) ~[na:na]
	at org.eclipse.recommenders.models.ModelRepository.resolveInternal(ModelRepository.java:190) [org.eclipse.recommenders.models_2.2.0.v20150609-1848.jar:na]
	at org.eclipse.recommenders.models.ModelRepository.resolve(ModelRepository.java:172) [org.eclipse.recommenders.models_2.2.0.v20150609-1848.jar:na]
	at org.eclipse.recommenders.internal.models.rcp.EclipseModelRepository.resolve(EclipseModelRepository.java:167) [org.eclipse.recommenders.models.rcp_2.2.0.v20150609-1848.jar:na]
	at org.eclipse.recommenders.internal.models.rcp.DownloadModelArchiveJob.run(DownloadModelArchiveJob.java:76) [org.eclipse.recommenders.models.rcp_2.2.0.v20150609-1848.jar:na]
	at org.eclipse.core.internal.jobs.Worker.run(Worker.java:55) [org.eclipse.core.jobs_3.7.0.v20150330-2103.jar:na]
Caused by: org.eclipse.aether.transfer.ArtifactNotFoundException: Could not find artifact org.eclipse.recommenders:index:zip:0.0.0-SNAPSHOT in models (http://download.eclipse.org/recommenders/models/mars/)
	at org.eclipse.aether.connector.basic.ArtifactTransportListener.transferFailed(ArtifactTransportListener.java:39) ~[org.eclipse.aether.connector.basic_1.0.1.v20141111.jar:na]
	at org.eclipse.aether.connector.basic.BasicRepositoryConnector$TaskRunner.run(BasicRepositoryConnector.java:355) ~[org.eclipse.aether.connector.basic_1.0.1.v20141111.jar:na]
	at org.eclipse.aether.util.concurrency.RunnableErrorForwarder$1.run(RunnableErrorForwarder.java:67) ~[na:na]
	at org.eclipse.aether.connector.basic.BasicRepositoryConnector$DirectExecutor.execute(BasicRepositoryConnector.java:581) ~[org.eclipse.aether.connector.basic_1.0.1.v20141111.jar:na]
	at org.eclipse.aether.connector.basic.BasicRepositoryConnector.get(BasicRepositoryConnector.java:249) ~[org.eclipse.aether.connector.basic_1.0.1.v20141111.jar:na]
	at org.eclipse.aether.internal.impl.DefaultArtifactResolver.performDownloads(DefaultArtifactResolver.java:520) ~[na:na]
	at org.eclipse.aether.internal.impl.DefaultArtifactResolver.resolve(DefaultArtifactResolver.java:421) ~[na:na]
	... 8 common frames omitted
2025-02-09 00:35:01,018 [Worker-30] WARN  o.e.m.c.i.embedder.EclipseLogger - Using platform encoding (Cp1252 actually) to copy filtered resources, i.e. build is platform dependent!
2025-02-09 00:35:01,018 [Worker-30] INFO  o.e.m.c.i.embedder.EclipseLogger - Copying 0 resource
2025-02-09 00:35:01,019 [Worker-30] WARN  o.e.m.c.i.embedder.EclipseLogger - Using platform encoding (Cp1252 actually) to copy filtered resources, i.e. build is platform dependent!
2025-02-09 00:35:01,020 [Worker-30] INFO  o.e.m.c.i.embedder.EclipseLogger - skip non existing resourceDirectory D:\PROGRAMAS\WS\S04BDSABADOExam\LPII_CL2_JUAREZMONTEROLUIS\src\test\resources
2025-02-09 00:45:46,785 [Worker-34] WARN  o.e.m.c.i.embedder.EclipseLogger - Using platform encoding (Cp1252 actually) to copy filtered resources, i.e. build is platform dependent!
2025-02-09 00:45:46,786 [Worker-34] INFO  o.e.m.c.i.embedder.EclipseLogger - Copying 0 resource
2025-02-09 00:45:46,788 [Worker-34] WARN  o.e.m.c.i.embedder.EclipseLogger - Using platform encoding (Cp1252 actually) to copy filtered resources, i.e. build is platform dependent!
2025-02-09 00:45:46,788 [Worker-34] INFO  o.e.m.c.i.embedder.EclipseLogger - skip non existing resourceDirectory D:\PROGRAMAS\WS\S04BDSABADOExam\LPII_CL2_JUAREZMONTEROLUIS\src\test\resources
2025-02-09 01:19:32,306 [Worker-46] WARN  o.e.m.c.i.embedder.EclipseLogger - Using platform encoding (Cp1252 actually) to copy filtered resources, i.e. build is platform dependent!
2025-02-09 01:19:32,308 [Worker-46] INFO  o.e.m.c.i.embedder.EclipseLogger - Copying 0 resource
2025-02-09 01:19:32,310 [Worker-46] WARN  o.e.m.c.i.embedder.EclipseLogger - Using platform encoding (Cp1252 actually) to copy filtered resources, i.e. build is platform dependent!
2025-02-09 01:19:32,312 [Worker-46] INFO  o.e.m.c.i.embedder.EclipseLogger - skip non existing resourceDirectory D:\PROGRAMAS\WS\S04BDSABADOExam\LPII_CL2_JUAREZMONTEROLUIS\src\test\resources
2025-02-09 01:21:10,588 [Worker-46] WARN  o.e.m.c.i.embedder.EclipseLogger - Using platform encoding (Cp1252 actually) to copy filtered resources, i.e. build is platform dependent!
2025-02-09 01:21:10,589 [Worker-46] INFO  o.e.m.c.i.embedder.EclipseLogger - Copying 0 resource
2025-02-09 01:21:10,589 [Worker-46] WARN  o.e.m.c.i.embedder.EclipseLogger - Using platform encoding (Cp1252 actually) to copy filtered resources, i.e. build is platform dependent!
2025-02-09 01:21:10,591 [Worker-46] INFO  o.e.m.c.i.embedder.EclipseLogger - skip non existing resourceDirectory D:\PROGRAMAS\WS\S04BDSABADOExam\LPII_CL2_JUAREZMONTEROLUIS\src\test\resources
2025-02-09 01:23:43,044 [Worker-45] WARN  o.e.m.c.i.embedder.EclipseLogger - Using platform encoding (Cp1252 actually) to copy filtered resources, i.e. build is platform dependent!
2025-02-09 01:23:43,045 [Worker-45] INFO  o.e.m.c.i.embedder.EclipseLogger - Copying 0 resource
2025-02-09 01:23:43,045 [Worker-45] WARN  o.e.m.c.i.embedder.EclipseLogger - Using platform encoding (Cp1252 actually) to copy filtered resources, i.e. build is platform dependent!
2025-02-09 01:23:43,046 [Worker-45] INFO  o.e.m.c.i.embedder.EclipseLogger - skip non existing resourceDirectory D:\PROGRAMAS\WS\S04BDSABADOExam\LPII_CL2_JUAREZMONTEROLUIS\src\test\resources
2025-02-09 01:23:46,707 [Worker-49] WARN  o.e.m.c.i.embedder.EclipseLogger - Using platform encoding (Cp1252 actually) to copy filtered resources, i.e. build is platform dependent!
2025-02-09 01:23:46,708 [Worker-49] INFO  o.e.m.c.i.embedder.EclipseLogger - Copying 0 resource
2025-02-09 01:23:46,709 [Worker-49] WARN  o.e.m.c.i.embedder.EclipseLogger - Using platform encoding (Cp1252 actually) to copy filtered resources, i.e. build is platform dependent!
2025-02-09 01:23:46,710 [Worker-49] INFO  o.e.m.c.i.embedder.EclipseLogger - skip non existing resourceDirectory D:\PROGRAMAS\WS\S04BDSABADOExam\LPII_CL2_JUAREZMONTEROLUIS\src\test\resources
2025-02-09 01:24:14,075 [Worker-44] WARN  o.e.m.c.i.embedder.EclipseLogger - Using platform encoding (Cp1252 actually) to copy filtered resources, i.e. build is platform dependent!
2025-02-09 01:24:14,078 [Worker-44] INFO  o.e.m.c.i.embedder.EclipseLogger - Copying 0 resource
2025-02-09 01:24:14,079 [Worker-44] WARN  o.e.m.c.i.embedder.EclipseLogger - Using platform encoding (Cp1252 actually) to copy filtered resources, i.e. build is platform dependent!
